This file contains any messages produced by compilers while
running configure, to aid debugging if configure makes a mistake.

It was created by NAT3 configure 0.1a, which was
generated by GNU Autoconf 2.59.  Invocation command line was

  $ ./configure 

## --------- ##
## Platform. ##
## --------- ##

hostname = lectura
uname -m = x86_64
uname -r = 2.6.31-17-generic
uname -s = Linux
uname -v = #54-Ubuntu SMP Thu Dec 10 17:01:44 UTC 2009

/usr/bin/uname -p = unknown
/bin/uname -X     = unknown

/bin/arch              = unknown
/usr/bin/arch -k       = unknown
/usr/convex/getsysinfo = unknown
hostinfo               = unknown
/bin/machine           = unknown
/usr/bin/oslevel       = unknown
/bin/universe          = unknown

PATH: /home/arunmadh/bin
PATH: /usr/local/bin
PATH: /sbin
PATH: /usr/sbin
PATH: /bin
PATH: /usr/bin
PATH: /usr/X11R6/bin
PATH: /usr/local/sbin
PATH: .


## ----------- ##
## Core tests. ##
## ----------- ##

configure:1369: checking for g++
configure:1385: found /usr/bin/g++
configure:1395: result: g++
configure:1411: checking for C++ compiler version
configure:1414: g++ --version </dev/null >&5
g++ (Ubuntu 4.4.1-4ubuntu9) 4.4.1
Copyright (C) 2009 Free Software Foundation, Inc.
This is free software; see the source for copying conditions.  There is NO
warranty; not even for MERCHANTABILITY or FITNESS FOR A PARTICULAR PURPOSE.

configure:1417: $? = 0
configure:1419: g++ -v </dev/null >&5
Using built-in specs.
Target: x86_64-linux-gnu
Configured with: ../src/configure -v --with-pkgversion='Ubuntu 4.4.1-4ubuntu9' --with-bugurl=file:///usr/share/doc/gcc-4.4/README.Bugs --enable-languages=c,c++,fortran,objc,obj-c++ --prefix=/usr --enable-shared --enable-multiarch --enable-linker-build-id --with-system-zlib --libexecdir=/usr/lib --without-included-gettext --enable-threads=posix --with-gxx-include-dir=/usr/include/c++/4.4 --program-suffix=-4.4 --enable-nls --enable-clocale=gnu --enable-libstdcxx-debug --enable-objc-gc --disable-werror --with-arch-32=i486 --with-tune=generic --enable-checking=release --build=x86_64-linux-gnu --host=x86_64-linux-gnu --target=x86_64-linux-gnu
Thread model: posix
gcc version 4.4.1 (Ubuntu 4.4.1-4ubuntu9) 
configure:1422: $? = 0
configure:1424: g++ -V </dev/null >&5
g++: '-V' option must have argument
configure:1427: $? = 1
configure:1450: checking for C++ compiler default output file name
configure:1453: g++    conftest.cc  >&5
configure:1456: $? = 0
configure:1502: result: a.out
configure:1507: checking whether the C++ compiler works
configure:1513: ./a.out
configure:1516: $? = 0
configure:1533: result: yes
configure:1540: checking whether we are cross compiling
configure:1542: result: no
configure:1545: checking for suffix of executables
configure:1547: g++ -o conftest    conftest.cc  >&5
configure:1550: $? = 0
configure:1575: result: 
configure:1581: checking for suffix of object files
configure:1602: g++ -c   conftest.cc >&5
configure:1605: $? = 0
configure:1627: result: o
configure:1631: checking whether we are using the GNU C++ compiler
configure:1655: g++ -c   conftest.cc >&5
configure:1661: $? = 0
configure:1665: test -z 
			 || test ! -s conftest.err
configure:1668: $? = 0
configure:1671: test -s conftest.o
configure:1674: $? = 0
configure:1687: result: yes
configure:1693: checking whether g++ accepts -g
configure:1714: g++ -c -g  conftest.cc >&5
configure:1720: $? = 0
configure:1724: test -z 
			 || test ! -s conftest.err
configure:1727: $? = 0
configure:1730: test -s conftest.o
configure:1733: $? = 0
configure:1744: result: yes
configure:1786: g++ -c -g -O2  conftest.cc >&5
configure:1792: $? = 0
configure:1796: test -z 
			 || test ! -s conftest.err
configure:1799: $? = 0
configure:1802: test -s conftest.o
configure:1805: $? = 0
configure:1831: g++ -c -g -O2  conftest.cc >&5
conftest.cc: In function 'int main()':
conftest.cc:13: error: 'exit' was not declared in this scope
configure:1837: $? = 1
configure: failed program was:
| /* confdefs.h.  */
| 
| #define PACKAGE_NAME "NAT3"
| #define PACKAGE_TARNAME "nat3"
| #define PACKAGE_VERSION "0.1a"
| #define PACKAGE_STRING "NAT3 0.1a"
| #define PACKAGE_BUGREPORT "eoster@cs.ucla.edu"
| /* end confdefs.h.  */
| 
| int
| main ()
| {
| exit (42);
|   ;
|   return 0;
| }
configure:1786: g++ -c -g -O2  conftest.cc >&5
conftest.cc:9: error: 'void std::exit(int)' should have been declared inside 'std'
configure:1792: $? = 1
configure: failed program was:
| /* confdefs.h.  */
| 
| #define PACKAGE_NAME "NAT3"
| #define PACKAGE_TARNAME "nat3"
| #define PACKAGE_VERSION "0.1a"
| #define PACKAGE_STRING "NAT3 0.1a"
| #define PACKAGE_BUGREPORT "eoster@cs.ucla.edu"
| /* end confdefs.h.  */
| extern "C" void std::exit (int) throw (); using std::exit;
| #include <stdlib.h>
| int
| main ()
| {
| exit (42);
|   ;
|   return 0;
| }
configure:1786: g++ -c -g -O2  conftest.cc >&5
conftest.cc:9: error: 'void std::exit(int)' should have been declared inside 'std'
In file included from conftest.cc:10:
/usr/include/stdlib.h:543: error: declaration of 'void std::exit(int) throw ()' throws different exceptions
conftest.cc:9: error: from previous declaration 'void std::exit(int)'
configure:1792: $? = 1
configure: failed program was:
| /* confdefs.h.  */
| 
| #define PACKAGE_NAME "NAT3"
| #define PACKAGE_TARNAME "nat3"
| #define PACKAGE_VERSION "0.1a"
| #define PACKAGE_STRING "NAT3 0.1a"
| #define PACKAGE_BUGREPORT "eoster@cs.ucla.edu"
| /* end confdefs.h.  */
| extern "C" void std::exit (int); using std::exit;
| #include <stdlib.h>
| int
| main ()
| {
| exit (42);
|   ;
|   return 0;
| }
configure:1786: g++ -c -g -O2  conftest.cc >&5
configure:1792: $? = 0
configure:1796: test -z 
			 || test ! -s conftest.err
configure:1799: $? = 0
configure:1802: test -s conftest.o
configure:1805: $? = 0
configure:1831: g++ -c -g -O2  conftest.cc >&5
configure:1837: $? = 0
configure:1841: test -z 
			 || test ! -s conftest.err
configure:1844: $? = 0
configure:1847: test -s conftest.o
configure:1850: $? = 0
configure:1919: checking for gcc
configure:1935: found /usr/bin/gcc
configure:1945: result: gcc
configure:2189: checking for C compiler version
configure:2192: gcc --version </dev/null >&5
gcc (Ubuntu 4.4.1-4ubuntu9) 4.4.1
Copyright (C) 2009 Free Software Foundation, Inc.
This is free software; see the source for copying conditions.  There is NO
warranty; not even for MERCHANTABILITY or FITNESS FOR A PARTICULAR PURPOSE.

configure:2195: $? = 0
configure:2197: gcc -v </dev/null >&5
Using built-in specs.
Target: x86_64-linux-gnu
Configured with: ../src/configure -v --with-pkgversion='Ubuntu 4.4.1-4ubuntu9' --with-bugurl=file:///usr/share/doc/gcc-4.4/README.Bugs --enable-languages=c,c++,fortran,objc,obj-c++ --prefix=/usr --enable-shared --enable-multiarch --enable-linker-build-id --with-system-zlib --libexecdir=/usr/lib --without-included-gettext --enable-threads=posix --with-gxx-include-dir=/usr/include/c++/4.4 --program-suffix=-4.4 --enable-nls --enable-clocale=gnu --enable-libstdcxx-debug --enable-objc-gc --disable-werror --with-arch-32=i486 --with-tune=generic --enable-checking=release --build=x86_64-linux-gnu --host=x86_64-linux-gnu --target=x86_64-linux-gnu
Thread model: posix
gcc version 4.4.1 (Ubuntu 4.4.1-4ubuntu9) 
configure:2200: $? = 0
configure:2202: gcc -V </dev/null >&5
gcc: '-V' option must have argument
configure:2205: $? = 1
configure:2208: checking whether we are using the GNU C compiler
configure:2232: gcc -c   conftest.c >&5
configure:2238: $? = 0
configure:2242: test -z 
			 || test ! -s conftest.err
configure:2245: $? = 0
configure:2248: test -s conftest.o
configure:2251: $? = 0
configure:2264: result: yes
configure:2270: checking whether gcc accepts -g
configure:2291: gcc -c -g  conftest.c >&5
configure:2297: $? = 0
configure:2301: test -z 
			 || test ! -s conftest.err
configure:2304: $? = 0
configure:2307: test -s conftest.o
configure:2310: $? = 0
configure:2321: result: yes
configure:2338: checking for gcc option to accept ANSI C
configure:2408: gcc  -c -g -O2  conftest.c >&5
configure:2414: $? = 0
configure:2418: test -z 
			 || test ! -s conftest.err
configure:2421: $? = 0
configure:2424: test -s conftest.o
configure:2427: $? = 0
configure:2445: result: none needed
configure:2463: gcc -c -g -O2  conftest.c >&5
conftest.c:2: error: expected '=', ',', ';', 'asm' or '__attribute__' before 'me'
configure:2469: $? = 1
configure: failed program was:
| #ifndef __cplusplus
|   choke me
| #endif
configure:2640: checking for a BSD-compatible install
configure:2695: result: /usr/bin/install -c
configure:2716: checking how to run the C preprocessor
configure:2751: gcc -E  conftest.c
configure:2757: $? = 0
configure:2789: gcc -E  conftest.c
conftest.c:12:28: error: ac_nonexistent.h: No such file or directory
configure:2795: $? = 1
configure: failed program was:
| /* confdefs.h.  */
| 
| #define PACKAGE_NAME "NAT3"
| #define PACKAGE_TARNAME "nat3"
| #define PACKAGE_VERSION "0.1a"
| #define PACKAGE_STRING "NAT3 0.1a"
| #define PACKAGE_BUGREPORT "eoster@cs.ucla.edu"
| #ifdef __cplusplus
| extern "C" void exit (int) throw ();
| #endif
| /* end confdefs.h.  */
| #include <ac_nonexistent.h>
configure:2834: result: gcc -E
configure:2858: gcc -E  conftest.c
configure:2864: $? = 0
configure:2896: gcc -E  conftest.c
conftest.c:12:28: error: ac_nonexistent.h: No such file or directory
configure:2902: $? = 1
configure: failed program was:
| /* confdefs.h.  */
| 
| #define PACKAGE_NAME "NAT3"
| #define PACKAGE_TARNAME "nat3"
| #define PACKAGE_VERSION "0.1a"
| #define PACKAGE_STRING "NAT3 0.1a"
| #define PACKAGE_BUGREPORT "eoster@cs.ucla.edu"
| #ifdef __cplusplus
| extern "C" void exit (int) throw ();
| #endif
| /* end confdefs.h.  */
| #include <ac_nonexistent.h>
configure:2946: checking for egrep
configure:2956: result: grep -E
configure:2961: checking for ANSI C header files
configure:2986: gcc -c -g -O2  conftest.c >&5
configure:2992: $? = 0
configure:2996: test -z 
			 || test ! -s conftest.err
configure:2999: $? = 0
configure:3002: test -s conftest.o
configure:3005: $? = 0
configure:3094: gcc -o conftest -g -O2   conftest.c  >&5
conftest.c: In function 'main':
conftest.c:29: warning: incompatible implicit declaration of built-in function 'exit'
configure:3097: $? = 0
configure:3099: ./conftest
configure:3102: $? = 0
configure:3117: result: yes
configure:3127: checking for sys/wait.h that is POSIX.1 compatible
configure:3158: gcc -c -g -O2  conftest.c >&5
configure:3164: $? = 0
configure:3168: test -z 
			 || test ! -s conftest.err
configure:3171: $? = 0
configure:3174: test -s conftest.o
configure:3177: $? = 0
configure:3188: result: yes
configure:3212: checking for sys/types.h
configure:3228: gcc -c -g -O2  conftest.c >&5
configure:3234: $? = 0
configure:3238: test -z 
			 || test ! -s conftest.err
configure:3241: $? = 0
configure:3244: test -s conftest.o
configure:3247: $? = 0
configure:3258: result: yes
configure:3212: checking for sys/stat.h
configure:3228: gcc -c -g -O2  conftest.c >&5
configure:3234: $? = 0
configure:3238: test -z 
			 || test ! -s conftest.err
configure:3241: $? = 0
configure:3244: test -s conftest.o
configure:3247: $? = 0
configure:3258: result: yes
configure:3212: checking for stdlib.h
configure:3228: gcc -c -g -O2  conftest.c >&5
configure:3234: $? = 0
configure:3238: test -z 
			 || test ! -s conftest.err
configure:3241: $? = 0
configure:3244: test -s conftest.o
configure:3247: $? = 0
configure:3258: result: yes
configure:3212: checking for string.h
configure:3228: gcc -c -g -O2  conftest.c >&5
configure:3234: $? = 0
configure:3238: test -z 
			 || test ! -s conftest.err
configure:3241: $? = 0
configure:3244: test -s conftest.o
configure:3247: $? = 0
configure:3258: result: yes
configure:3212: checking for memory.h
configure:3228: gcc -c -g -O2  conftest.c >&5
configure:3234: $? = 0
configure:3238: test -z 
			 || test ! -s conftest.err
configure:3241: $? = 0
configure:3244: test -s conftest.o
configure:3247: $? = 0
configure:3258: result: yes
configure:3212: checking for strings.h
configure:3228: gcc -c -g -O2  conftest.c >&5
configure:3234: $? = 0
configure:3238: test -z 
			 || test ! -s conftest.err
configure:3241: $? = 0
configure:3244: test -s conftest.o
configure:3247: $? = 0
configure:3258: result: yes
configure:3212: checking for inttypes.h
configure:3228: gcc -c -g -O2  conftest.c >&5
configure:3234: $? = 0
configure:3238: test -z 
			 || test ! -s conftest.err
configure:3241: $? = 0
configure:3244: test -s conftest.o
configure:3247: $? = 0
configure:3258: result: yes
configure:3212: checking for stdint.h
configure:3228: gcc -c -g -O2  conftest.c >&5
configure:3234: $? = 0
configure:3238: test -z 
			 || test ! -s conftest.err
configure:3241: $? = 0
configure:3244: test -s conftest.o
configure:3247: $? = 0
configure:3258: result: yes
configure:3212: checking for unistd.h
configure:3228: gcc -c -g -O2  conftest.c >&5
configure:3234: $? = 0
configure:3238: test -z 
			 || test ! -s conftest.err
configure:3241: $? = 0
configure:3244: test -s conftest.o
configure:3247: $? = 0
configure:3258: result: yes
configure:3287: checking fcntl.h usability
configure:3299: gcc -c -g -O2  conftest.c >&5
configure:3305: $? = 0
configure:3309: test -z 
			 || test ! -s conftest.err
configure:3312: $? = 0
configure:3315: test -s conftest.o
configure:3318: $? = 0
configure:3328: result: yes
configure:3332: checking fcntl.h presence
configure:3342: gcc -E  conftest.c
configure:3348: $? = 0
configure:3368: result: yes
configure:3403: checking for fcntl.h
configure:3410: result: yes
configure:3287: checking sys/ioctl.h usability
configure:3299: gcc -c -g -O2  conftest.c >&5
configure:3305: $? = 0
configure:3309: test -z 
			 || test ! -s conftest.err
configure:3312: $? = 0
configure:3315: test -s conftest.o
configure:3318: $? = 0
configure:3328: result: yes
configure:3332: checking sys/ioctl.h presence
configure:3342: gcc -E  conftest.c
configure:3348: $? = 0
configure:3368: result: yes
configure:3403: checking for sys/ioctl.h
configure:3410: result: yes
configure:3287: checking sys/time.h usability
configure:3299: gcc -c -g -O2  conftest.c >&5
configure:3305: $? = 0
configure:3309: test -z 
			 || test ! -s conftest.err
configure:3312: $? = 0
configure:3315: test -s conftest.o
configure:3318: $? = 0
configure:3328: result: yes
configure:3332: checking sys/time.h presence
configure:3342: gcc -E  conftest.c
configure:3348: $? = 0
configure:3368: result: yes
configure:3403: checking for sys/time.h
configure:3410: result: yes
configure:3278: checking for unistd.h
configure:3283: result: yes
configure:3426: checking for stdbool.h that conforms to C99
configure:3479: gcc -c -g -O2  conftest.c >&5
configure:3485: $? = 0
configure:3489: test -z 
			 || test ! -s conftest.err
configure:3492: $? = 0
configure:3495: test -s conftest.o
configure:3498: $? = 0
configure:3509: result: yes
configure:3511: checking for _Bool
configure:3535: gcc -c -g -O2  conftest.c >&5
configure:3541: $? = 0
configure:3545: test -z 
			 || test ! -s conftest.err
configure:3548: $? = 0
configure:3551: test -s conftest.o
configure:3554: $? = 0
configure:3565: result: yes
configure:3584: checking for size_t
configure:3608: gcc -c -g -O2  conftest.c >&5
configure:3614: $? = 0
configure:3618: test -z 
			 || test ! -s conftest.err
configure:3621: $? = 0
configure:3624: test -s conftest.o
configure:3627: $? = 0
configure:3638: result: yes
configure:3650: checking for an ANSI C-conforming const
configure:3717: gcc -c -g -O2  conftest.c >&5
configure:3723: $? = 0
configure:3727: test -z 
			 || test ! -s conftest.err
configure:3730: $? = 0
configure:3733: test -s conftest.o
configure:3736: $? = 0
configure:3747: result: yes
configure:3758: checking whether char is unsigned
configure:3781: gcc -c -g -O2  conftest.c >&5
configure:3787: $? = 0
configure:3791: test -z 
			 || test ! -s conftest.err
configure:3794: $? = 0
configure:3797: test -s conftest.o
configure:3800: $? = 0
configure:3811: result: no
configure:3820: checking for off_t
configure:3844: gcc -c -g -O2  conftest.c >&5
configure:3850: $? = 0
configure:3854: test -z 
			 || test ! -s conftest.err
configure:3857: $? = 0
configure:3860: test -s conftest.o
configure:3863: $? = 0
configure:3874: result: yes
configure:3886: checking whether time.h and sys/time.h may both be included
configure:3911: gcc -c -g -O2  conftest.c >&5
configure:3917: $? = 0
configure:3921: test -z 
			 || test ! -s conftest.err
configure:3924: $? = 0
configure:3927: test -s conftest.o
configure:3930: $? = 0
configure:3941: result: yes
configure:3953: checking for working memcmp
configure:4001: gcc -o conftest -g -O2   conftest.c  >&5
configure:4004: $? = 0
configure:4006: ./conftest
configure:4009: $? = 0
configure:4023: result: yes
configure:4038: checking for strftime
configure:4095: gcc -o conftest -g -O2   conftest.c  >&5
conftest.c:54: warning: conflicting types for built-in function 'strftime'
configure:4101: $? = 0
configure:4105: test -z 
			 || test ! -s conftest.err
configure:4108: $? = 0
configure:4111: test -s conftest
configure:4114: $? = 0
configure:4126: result: yes
configure:4214: checking for vprintf
configure:4271: gcc -o conftest -g -O2   conftest.c  >&5
conftest.c:55: warning: conflicting types for built-in function 'vprintf'
configure:4277: $? = 0
configure:4281: test -z 
			 || test ! -s conftest.err
configure:4284: $? = 0
configure:4287: test -s conftest
configure:4290: $? = 0
configure:4302: result: yes
configure:4309: checking for _doprnt
configure:4366: gcc -o conftest -g -O2   conftest.c  >&5
/tmp/cckRG33V.o: In function `main':
/home/arunmadh/IndepStudy/nat3_svn/nat3/conftest.c:71: undefined reference to `_doprnt'
/tmp/cckRG33V.o:(.data+0x0): undefined reference to `_doprnt'
collect2: ld returned 1 exit status
configure:4372: $? = 1
configure: failed program was:
| /* confdefs.h.  */
| 
| #define PACKAGE_NAME "NAT3"
| #define PACKAGE_TARNAME "nat3"
| #define PACKAGE_VERSION "0.1a"
| #define PACKAGE_STRING "NAT3 0.1a"
| #define PACKAGE_BUGREPORT "eoster@cs.ucla.edu"
| #ifdef __cplusplus
| extern "C" void exit (int) throw ();
| #endif
| #define STDC_HEADERS 1
| #define HAVE_SYS_WAIT_H 1
| #define HAVE_SYS_TYPES_H 1
| #define HAVE_SYS_STAT_H 1
| #define HAVE_STDLIB_H 1
| #define HAVE_STRING_H 1
| #define HAVE_MEMORY_H 1
| #define HAVE_STRINGS_H 1
| #define HAVE_INTTYPES_H 1
| #define HAVE_STDINT_H 1
| #define HAVE_UNISTD_H 1
| #define HAVE_FCNTL_H 1
| #define HAVE_SYS_IOCTL_H 1
| #define HAVE_SYS_TIME_H 1
| #define HAVE_UNISTD_H 1
| #define HAVE__BOOL 1
| #define HAVE_STDBOOL_H 1
| #define TIME_WITH_SYS_TIME 1
| #define HAVE_STRFTIME 1
| #define HAVE_VPRINTF 1
| /* end confdefs.h.  */
| /* Define _doprnt to an innocuous variant, in case <limits.h> declares _doprnt.
|    For example, HP-UX 11i <limits.h> declares gettimeofday.  */
| #define _doprnt innocuous__doprnt
| 
| /* System header to define __stub macros and hopefully few prototypes,
|     which can conflict with char _doprnt (); below.
|     Prefer <limits.h> to <assert.h> if __STDC__ is defined, since
|     <limits.h> exists even on freestanding compilers.  */
| 
| #ifdef __STDC__
| # include <limits.h>
| #else
| # include <assert.h>
| #endif
| 
| #undef _doprnt
| 
| /* Override any gcc2 internal prototype to avoid an error.  */
| #ifdef __cplusplus
| extern "C"
| {
| #endif
| /* We use char because int might match the return type of a gcc2
|    builtin and then its argument prototype would still apply.  */
| char _doprnt ();
| /* The GNU C library defines this for functions which it implements
|     to always fail with ENOSYS.  Some functions are actually named
|     something starting with __ and the normal name is an alias.  */
| #if defined (__stub__doprnt) || defined (__stub____doprnt)
| choke me
| #else
| char (*f) () = _doprnt;
| #endif
| #ifdef __cplusplus
| }
| #endif
| 
| int
| main ()
| {
| return f != _doprnt;
|   ;
|   return 0;
| }
configure:4397: result: no
configure:4422: checking for getcwd
configure:4479: gcc -o conftest -g -O2   conftest.c  >&5
configure:4485: $? = 0
configure:4489: test -z 
			 || test ! -s conftest.err
configure:4492: $? = 0
configure:4495: test -s conftest
configure:4498: $? = 0
configure:4510: result: yes
configure:4422: checking for mkdir
configure:4479: gcc -o conftest -g -O2   conftest.c  >&5
configure:4485: $? = 0
configure:4489: test -z 
			 || test ! -s conftest.err
configure:4492: $? = 0
configure:4495: test -s conftest
configure:4498: $? = 0
configure:4510: result: yes
configure:4422: checking for select
configure:4479: gcc -o conftest -g -O2   conftest.c  >&5
configure:4485: $? = 0
configure:4489: test -z 
			 || test ! -s conftest.err
configure:4492: $? = 0
configure:4495: test -s conftest
configure:4498: $? = 0
configure:4510: result: yes
configure:4422: checking for socket
configure:4479: gcc -o conftest -g -O2   conftest.c  >&5
configure:4485: $? = 0
configure:4489: test -z 
			 || test ! -s conftest.err
configure:4492: $? = 0
configure:4495: test -s conftest
configure:4498: $? = 0
configure:4510: result: yes
configure:4422: checking for strdup
configure:4479: gcc -o conftest -g -O2   conftest.c  >&5
conftest.c:60: warning: conflicting types for built-in function 'strdup'
configure:4485: $? = 0
configure:4489: test -z 
			 || test ! -s conftest.err
configure:4492: $? = 0
configure:4495: test -s conftest
configure:4498: $? = 0
configure:4510: result: yes
configure:4422: checking for strerror
configure:4479: gcc -o conftest -g -O2   conftest.c  >&5
configure:4485: $? = 0
configure:4489: test -z 
			 || test ! -s conftest.err
configure:4492: $? = 0
configure:4495: test -s conftest
configure:4498: $? = 0
configure:4510: result: yes
configure:4422: checking for strstr
configure:4479: gcc -o conftest -g -O2   conftest.c  >&5
conftest.c:62: warning: conflicting types for built-in function 'strstr'
configure:4485: $? = 0
configure:4489: test -z 
			 || test ! -s conftest.err
configure:4492: $? = 0
configure:4495: test -s conftest
configure:4498: $? = 0
configure:4510: result: yes
configure:4422: checking for uname
configure:4479: gcc -o conftest -g -O2   conftest.c  >&5
configure:4485: $? = 0
configure:4489: test -z 
			 || test ! -s conftest.err
configure:4492: $? = 0
configure:4495: test -s conftest
configure:4498: $? = 0
configure:4510: result: yes
configure:4617: creating ./config.status

## ---------------------- ##
## Running config.status. ##
## ---------------------- ##

This file was extended by NAT3 config.status 0.1a, which was
generated by GNU Autoconf 2.59.  Invocation command line was

  CONFIG_FILES    = 
  CONFIG_HEADERS  = 
  CONFIG_LINKS    = 
  CONFIG_COMMANDS = 
  $ ./config.status 

on lectura

config.status:653: creating Makefile
config.status:653: creating src/Makefile
config.status:757: creating src/config.h

## ---------------- ##
## Cache variables. ##
## ---------------- ##

ac_cv_c_char_unsigned=no
ac_cv_c_compiler_gnu=yes
ac_cv_c_const=yes
ac_cv_cxx_compiler_gnu=yes
ac_cv_env_CC_set=
ac_cv_env_CC_value=
ac_cv_env_CFLAGS_set=
ac_cv_env_CFLAGS_value=
ac_cv_env_CPPFLAGS_set=
ac_cv_env_CPPFLAGS_value=
ac_cv_env_CPP_set=
ac_cv_env_CPP_value=
ac_cv_env_CXXFLAGS_set=
ac_cv_env_CXXFLAGS_value=
ac_cv_env_CXX_set=
ac_cv_env_CXX_value=
ac_cv_env_LDFLAGS_set=
ac_cv_env_LDFLAGS_value=
ac_cv_env_build_alias_set=
ac_cv_env_build_alias_value=
ac_cv_env_host_alias_set=
ac_cv_env_host_alias_value=
ac_cv_env_target_alias_set=
ac_cv_env_target_alias_value=
ac_cv_exeext=
ac_cv_func__doprnt=no
ac_cv_func_getcwd=yes
ac_cv_func_memcmp_working=yes
ac_cv_func_mkdir=yes
ac_cv_func_select=yes
ac_cv_func_socket=yes
ac_cv_func_strdup=yes
ac_cv_func_strerror=yes
ac_cv_func_strftime=yes
ac_cv_func_strstr=yes
ac_cv_func_uname=yes
ac_cv_func_vprintf=yes
ac_cv_header_fcntl_h=yes
ac_cv_header_inttypes_h=yes
ac_cv_header_memory_h=yes
ac_cv_header_stdbool_h=yes
ac_cv_header_stdc=yes
ac_cv_header_stdint_h=yes
ac_cv_header_stdlib_h=yes
ac_cv_header_string_h=yes
ac_cv_header_strings_h=yes
ac_cv_header_sys_ioctl_h=yes
ac_cv_header_sys_stat_h=yes
ac_cv_header_sys_time_h=yes
ac_cv_header_sys_types_h=yes
ac_cv_header_sys_wait_h=yes
ac_cv_header_time=yes
ac_cv_header_unistd_h=yes
ac_cv_objext=o
ac_cv_path_install='/usr/bin/install -c'
ac_cv_prog_CPP='gcc -E'
ac_cv_prog_ac_ct_CC=gcc
ac_cv_prog_ac_ct_CXX=g++
ac_cv_prog_cc_g=yes
ac_cv_prog_cc_stdc=
ac_cv_prog_cxx_g=yes
ac_cv_prog_egrep='grep -E'
ac_cv_type__Bool=yes
ac_cv_type_off_t=yes
ac_cv_type_size_t=yes

## ----------------- ##
## Output variables. ##
## ----------------- ##

CC='gcc'
CFLAGS='-g -O2'
CPP='gcc -E'
CPPFLAGS=''
CXX='g++'
CXXFLAGS='-g -O2'
DEFS='-DHAVE_CONFIG_H'
ECHO_C=''
ECHO_N='-n'
ECHO_T=''
EGREP='grep -E'
EXEEXT=''
INSTALL_DATA='${INSTALL} -m 644'
INSTALL_PROGRAM='${INSTALL}'
INSTALL_SCRIPT='${INSTALL}'
LDFLAGS=''
LIBOBJS=''
LIBS=''
LTLIBOBJS=''
OBJEXT='o'
PACKAGE_BUGREPORT='eoster@cs.ucla.edu'
PACKAGE_NAME='NAT3'
PACKAGE_STRING='NAT3 0.1a'
PACKAGE_TARNAME='nat3'
PACKAGE_VERSION='0.1a'
PATH_SEPARATOR=':'
SHELL='/bin/bash'
ac_ct_CC='gcc'
ac_ct_CXX='g++'
bindir='${exec_prefix}/bin'
build_alias=''
datadir='${prefix}/share'
exec_prefix='${prefix}'
host_alias=''
includedir='${prefix}/include'
infodir='${prefix}/info'
libdir='${exec_prefix}/lib'
libexecdir='${exec_prefix}/libexec'
localstatedir='${prefix}/var'
mandir='${prefix}/man'
oldincludedir='/usr/include'
prefix='/usr/local'
program_transform_name='s,x,x,'
sbindir='${exec_prefix}/sbin'
sharedstatedir='${prefix}/com'
sysconfdir='${prefix}/etc'
target_alias=''

## ----------- ##
## confdefs.h. ##
## ----------- ##

#define HAVE_FCNTL_H 1
#define HAVE_GETCWD 1
#define HAVE_INTTYPES_H 1
#define HAVE_MEMORY_H 1
#define HAVE_MKDIR 1
#define HAVE_SELECT 1
#define HAVE_SOCKET 1
#define HAVE_STDBOOL_H 1
#define HAVE_STDINT_H 1
#define HAVE_STDLIB_H 1
#define HAVE_STRDUP 1
#define HAVE_STRERROR 1
#define HAVE_STRFTIME 1
#define HAVE_STRINGS_H 1
#define HAVE_STRING_H 1
#define HAVE_STRSTR 1
#define HAVE_SYS_IOCTL_H 1
#define HAVE_SYS_STAT_H 1
#define HAVE_SYS_TIME_H 1
#define HAVE_SYS_TYPES_H 1
#define HAVE_SYS_WAIT_H 1
#define HAVE_UNAME 1
#define HAVE_UNISTD_H 1
#define HAVE_UNISTD_H 1
#define HAVE_VPRINTF 1
#define HAVE__BOOL 1
#define PACKAGE_BUGREPORT "eoster@cs.ucla.edu"
#define PACKAGE_NAME "NAT3"
#define PACKAGE_STRING "NAT3 0.1a"
#define PACKAGE_TARNAME "nat3"
#define PACKAGE_VERSION "0.1a"
#define STDC_HEADERS 1
#define TIME_WITH_SYS_TIME 1
#endif
#ifdef __cplusplus
extern "C" void exit (int) throw ();

configure: exit 0
